<?xml version="1.0" encoding="UTF-8"?>
<testsuite xmlns:xsi="http://www.w3.org/2001/XMLSchema-instance" xsi:noNamespaceSchemaLocation="https://maven.apache.org/surefire/maven-surefire-plugin/xsd/surefire-test-report-3.0.xsd" version="3.0" name="com.example.demo.ConsultaDatosWebServiceApplicationTests" time="36.954" tests="1" errors="0" skipped="0" failures="0">
  <properties>
    <property name="java.specification.version" value="23"/>
    <property name="sun.jnu.encoding" value="UTF-8"/>
    <property name="java.class.path" value="/Users/Usuario/eclipse-workspace/ConsultaDatosWebService/target/test-classes:/Users/Usuario/eclipse-workspace/ConsultaDatosWebService/target/classes:/Users/Usuario/.m2/repository/com/google/cloud/spring-cloud-gcp-starter/5.8.0/spring-cloud-gcp-starter-5.8.0.jar:/Users/Usuario/.m2/repository/com/google/cloud/spring-cloud-gcp-core/5.8.0/spring-cloud-gcp-core-5.8.0.jar:/Users/Usuario/.m2/repository/org/springframework/spring-context/6.1.14/spring-context-6.1.14.jar:/Users/Usuario/.m2/repository/com/google/cloud/spring-cloud-gcp-autoconfigure/5.8.0/spring-cloud-gcp-autoconfigure-5.8.0.jar:/Users/Usuario/.m2/repository/org/springframework/boot/spring-boot-autoconfigure/3.3.5/spring-boot-autoconfigure-3.3.5.jar:/Users/Usuario/.m2/repository/org/apache/commons/commons-lang3/3.14.0/commons-lang3-3.14.0.jar:/Users/Usuario/.m2/repository/org/springframework/boot/spring-boot-starter/3.3.5/spring-boot-starter-3.3.5.jar:/Users/Usuario/.m2/repository/org/springframework/boot/spring-boot/3.3.5/spring-boot-3.3.5.jar:/Users/Usuario/.m2/repository/org/springframework/boot/spring-boot-starter-logging/3.3.5/spring-boot-starter-logging-3.3.5.jar:/Users/Usuario/.m2/repository/ch/qos/logback/logback-classic/1.5.11/logback-classic-1.5.11.jar:/Users/Usuario/.m2/repository/ch/qos/logback/logback-core/1.5.11/logback-core-1.5.11.jar:/Users/Usuario/.m2/repository/org/apache/logging/log4j/log4j-to-slf4j/2.23.1/log4j-to-slf4j-2.23.1.jar:/Users/Usuario/.m2/repository/org/apache/logging/log4j/log4j-api/2.23.1/log4j-api-2.23.1.jar:/Users/Usuario/.m2/repository/org/slf4j/jul-to-slf4j/2.0.16/jul-to-slf4j-2.0.16.jar:/Users/Usuario/.m2/repository/jakarta/annotation/jakarta.annotation-api/2.1.1/jakarta.annotation-api-2.1.1.jar:/Users/Usuario/.m2/repository/org/yaml/snakeyaml/2.2/snakeyaml-2.2.jar:/Users/Usuario/.m2/repository/org/slf4j/slf4j-api/2.0.16/slf4j-api-2.0.16.jar:/Users/Usuario/.m2/repository/com/google/cloud/google-cloud-bigquery/2.43.1/google-cloud-bigquery-2.43.1.jar:/Users/Usuario/.m2/repository/com/google/cloud/google-cloud-core/2.45.0/google-cloud-core-2.45.0.jar:/Users/Usuario/.m2/repository/com/google/protobuf/protobuf-java-util/3.25.5/protobuf-java-util-3.25.5.jar:/Users/Usuario/.m2/repository/com/google/api/grpc/proto-google-common-protos/2.46.0/proto-google-common-protos-2.46.0.jar:/Users/Usuario/.m2/repository/com/google/api/grpc/proto-google-iam-v1/1.41.0/proto-google-iam-v1-1.41.0.jar:/Users/Usuario/.m2/repository/com/google/cloud/google-cloud-core-http/2.45.0/google-cloud-core-http-2.45.0.jar:/Users/Usuario/.m2/repository/com/google/api-client/google-api-client/2.7.0/google-api-client-2.7.0.jar:/Users/Usuario/.m2/repository/com/google/oauth-client/google-oauth-client/1.36.0/google-oauth-client-1.36.0.jar:/Users/Usuario/.m2/repository/com/google/http-client/google-http-client-apache-v2/1.45.0/google-http-client-apache-v2-1.45.0.jar:/Users/Usuario/.m2/repository/com/google/http-client/google-http-client-appengine/1.45.0/google-http-client-appengine-1.45.0.jar:/Users/Usuario/.m2/repository/com/google/api/gax-httpjson/2.55.0/gax-httpjson-2.55.0.jar:/Users/Usuario/.m2/repository/io/opencensus/opencensus-api/0.31.1/opencensus-api-0.31.1.jar:/Users/Usuario/.m2/repository/io/opencensus/opencensus-contrib-http-util/0.31.1/opencensus-contrib-http-util-0.31.1.jar:/Users/Usuario/.m2/repository/com/google/http-client/google-http-client-gson/1.45.0/google-http-client-gson-1.45.0.jar:/Users/Usuario/.m2/repository/com/google/http-client/google-http-client/1.45.0/google-http-client-1.45.0.jar:/Users/Usuario/.m2/repository/org/apache/httpcomponents/httpclient/4.5.14/httpclient-4.5.14.jar:/Users/Usuario/.m2/repository/org/apache/httpcomponents/httpcore/4.4.16/httpcore-4.4.16.jar:/Users/Usuario/.m2/repository/com/google/j2objc/j2objc-annotations/3.0.0/j2objc-annotations-3.0.0.jar:/Users/Usuario/.m2/repository/io/grpc/grpc-context/1.67.1/grpc-context-1.67.1.jar:/Users/Usuario/.m2/repository/org/checkerframework/checker-compat-qual/2.5.6/checker-compat-qual-2.5.6.jar:/Users/Usuario/.m2/repository/org/checkerframework/checker-qual/3.47.0/checker-qual-3.47.0.jar:/Users/Usuario/.m2/repository/com/google/auth/google-auth-library-credentials/1.28.0/google-auth-library-credentials-1.28.0.jar:/Users/Usuario/.m2/repository/com/google/auth/google-auth-library-oauth2-http/1.28.0/google-auth-library-oauth2-http-1.28.0.jar:/Users/Usuario/.m2/repository/com/google/code/findbugs/jsr305/3.0.2/jsr305-3.0.2.jar:/Users/Usuario/.m2/repository/com/google/apis/google-api-services-bigquery/v2-rev20240919-2.0.0/google-api-services-bigquery-v2-rev20240919-2.0.0.jar:/Users/Usuario/.m2/repository/com/google/api/api-common/2.38.0/api-common-2.38.0.jar:/Users/Usuario/.m2/repository/javax/annotation/javax.annotation-api/1.3.2/javax.annotation-api-1.3.2.jar:/Users/Usuario/.m2/repository/com/google/guava/guava/33.3.1-jre/guava-33.3.1-jre.jar:/Users/Usuario/.m2/repository/com/google/guava/failureaccess/1.0.2/failureaccess-1.0.2.jar:/Users/Usuario/.m2/repository/com/google/guava/listenablefuture/9999.0-empty-to-avoid-conflict-with-guava/listenablefuture-9999.0-empty-to-avoid-conflict-with-guava.jar:/Users/Usuario/.m2/repository/com/google/api/gax/2.55.0/gax-2.55.0.jar:/Users/Usuario/.m2/repository/org/threeten/threetenbp/1.7.0/threetenbp-1.7.0.jar:/Users/Usuario/.m2/repository/com/google/code/gson/gson/2.10.1/gson-2.10.1.jar:/Users/Usuario/.m2/repository/org/threeten/threeten-extra/1.8.0/threeten-extra-1.8.0.jar:/Users/Usuario/.m2/repository/com/google/protobuf/protobuf-java/3.25.5/protobuf-java-3.25.5.jar:/Users/Usuario/.m2/repository/com/google/cloud/google-cloud-bigquerystorage/3.9.3/google-cloud-bigquerystorage-3.9.3.jar:/Users/Usuario/.m2/repository/io/grpc/grpc-api/1.67.1/grpc-api-1.67.1.jar:/Users/Usuario/.m2/repository/io/grpc/grpc-stub/1.67.1/grpc-stub-1.67.1.jar:/Users/Usuario/.m2/repository/io/grpc/grpc-protobuf/1.67.1/grpc-protobuf-1.67.1.jar:/Users/Usuario/.m2/repository/io/grpc/grpc-protobuf-lite/1.67.1/grpc-protobuf-lite-1.67.1.jar:/Users/Usuario/.m2/repository/io/grpc/grpc-util/1.67.1/grpc-util-1.67.1.jar:/Users/Usuario/.m2/repository/io/grpc/grpc-core/1.67.1/grpc-core-1.67.1.jar:/Users/Usuario/.m2/repository/com/google/android/annotations/4.1.1.4/annotations-4.1.1.4.jar:/Users/Usuario/.m2/repository/io/perfmark/perfmark-api/0.27.0/perfmark-api-0.27.0.jar:/Users/Usuario/.m2/repository/org/codehaus/mojo/animal-sniffer-annotations/1.24/animal-sniffer-annotations-1.24.jar:/Users/Usuario/.m2/repository/com/google/auto/value/auto-value/1.11.0/auto-value-1.11.0.jar:/Users/Usuario/.m2/repository/com/google/api/grpc/proto-google-cloud-bigquerystorage-v1alpha/3.9.3/proto-google-cloud-bigquerystorage-v1alpha-3.9.3.jar:/Users/Usuario/.m2/repository/com/google/api/grpc/proto-google-cloud-bigquerystorage-v1beta1/0.181.3/proto-google-cloud-bigquerystorage-v1beta1-0.181.3.jar:/Users/Usuario/.m2/repository/com/google/api/grpc/proto-google-cloud-bigquerystorage-v1beta2/0.181.3/proto-google-cloud-bigquerystorage-v1beta2-0.181.3.jar:/Users/Usuario/.m2/repository/com/google/api/gax-grpc/2.55.0/gax-grpc-2.55.0.jar:/Users/Usuario/.m2/repository/io/grpc/grpc-inprocess/1.67.1/grpc-inprocess-1.67.1.jar:/Users/Usuario/.m2/repository/io/grpc/grpc-alts/1.67.1/grpc-alts-1.67.1.jar:/Users/Usuario/.m2/repository/io/grpc/grpc-grpclb/1.67.1/grpc-grpclb-1.67.1.jar:/Users/Usuario/.m2/repository/org/conscrypt/conscrypt-openjdk-uber/2.5.2/conscrypt-openjdk-uber-2.5.2.jar:/Users/Usuario/.m2/repository/io/grpc/grpc-auth/1.67.1/grpc-auth-1.67.1.jar:/Users/Usuario/.m2/repository/io/grpc/grpc-netty-shaded/1.67.1/grpc-netty-shaded-1.67.1.jar:/Users/Usuario/.m2/repository/io/grpc/grpc-googleapis/1.67.1/grpc-googleapis-1.67.1.jar:/Users/Usuario/.m2/repository/org/json/json/20240303/json-20240303.jar:/Users/Usuario/.m2/repository/io/opentelemetry/opentelemetry-api/1.43.0/opentelemetry-api-1.43.0.jar:/Users/Usuario/.m2/repository/io/opentelemetry/opentelemetry-context/1.37.0/opentelemetry-context-1.37.0.jar:/Users/Usuario/.m2/repository/commons-codec/commons-codec/1.16.1/commons-codec-1.16.1.jar:/Users/Usuario/.m2/repository/com/google/api/grpc/grpc-google-cloud-bigquerystorage-v1beta1/0.181.3/grpc-google-cloud-bigquerystorage-v1beta1-0.181.3.jar:/Users/Usuario/.m2/repository/com/google/api/grpc/grpc-google-cloud-bigquerystorage-v1beta2/0.181.3/grpc-google-cloud-bigquerystorage-v1beta2-0.181.3.jar:/Users/Usuario/.m2/repository/com/google/api/grpc/grpc-google-cloud-bigquerystorage-v1/3.9.3/grpc-google-cloud-bigquerystorage-v1-3.9.3.jar:/Users/Usuario/.m2/repository/com/google/api/grpc/proto-google-cloud-bigquerystorage-v1/3.9.3/proto-google-cloud-bigquerystorage-v1-3.9.3.jar:/Users/Usuario/.m2/repository/org/apache/arrow/arrow-vector/15.0.2/arrow-vector-15.0.2.jar:/Users/Usuario/.m2/repository/org/apache/arrow/arrow-format/15.0.2/arrow-format-15.0.2.jar:/Users/Usuario/.m2/repository/com/fasterxml/jackson/core/jackson-core/2.17.2/jackson-core-2.17.2.jar:/Users/Usuario/.m2/repository/com/fasterxml/jackson/core/jackson-annotations/2.17.2/jackson-annotations-2.17.2.jar:/Users/Usuario/.m2/repository/com/fasterxml/jackson/core/jackson-databind/2.17.2/jackson-databind-2.17.2.jar:/Users/Usuario/.m2/repository/com/fasterxml/jackson/datatype/jackson-datatype-jsr310/2.17.2/jackson-datatype-jsr310-2.17.2.jar:/Users/Usuario/.m2/repository/com/google/flatbuffers/flatbuffers-java/23.5.26/flatbuffers-java-23.5.26.jar:/Users/Usuario/.m2/repository/org/eclipse/collections/eclipse-collections/11.1.0/eclipse-collections-11.1.0.jar:/Users/Usuario/.m2/repository/org/eclipse/collections/eclipse-collections-api/11.1.0/eclipse-collections-api-11.1.0.jar:/Users/Usuario/.m2/repository/org/apache/arrow/arrow-memory-core/15.0.2/arrow-memory-core-15.0.2.jar:/Users/Usuario/.m2/repository/org/apache/arrow/arrow-memory-netty/15.0.2/arrow-memory-netty-15.0.2.jar:/Users/Usuario/.m2/repository/io/netty/netty-buffer/4.1.114.Final/netty-buffer-4.1.114.Final.jar:/Users/Usuario/.m2/repository/io/netty/netty-common/4.1.114.Final/netty-common-4.1.114.Final.jar:/Users/Usuario/.m2/repository/com/google/errorprone/error_prone_annotations/2.33.0/error_prone_annotations-2.33.0.jar:/Users/Usuario/.m2/repository/org/postgresql/postgresql/42.7.4/postgresql-42.7.4.jar:/Users/Usuario/.m2/repository/org/springframework/boot/spring-boot-starter-test/3.3.5/spring-boot-starter-test-3.3.5.jar:/Users/Usuario/.m2/repository/org/springframework/boot/spring-boot-test/3.3.5/spring-boot-test-3.3.5.jar:/Users/Usuario/.m2/repository/org/springframework/boot/spring-boot-test-autoconfigure/3.3.5/spring-boot-test-autoconfigure-3.3.5.jar:/Users/Usuario/.m2/repository/com/jayway/jsonpath/json-path/2.9.0/json-path-2.9.0.jar:/Users/Usuario/.m2/repository/jakarta/xml/bind/jakarta.xml.bind-api/4.0.2/jakarta.xml.bind-api-4.0.2.jar:/Users/Usuario/.m2/repository/jakarta/activation/jakarta.activation-api/2.1.3/jakarta.activation-api-2.1.3.jar:/Users/Usuario/.m2/repository/net/minidev/json-smart/2.5.1/json-smart-2.5.1.jar:/Users/Usuario/.m2/repository/net/minidev/accessors-smart/2.5.1/accessors-smart-2.5.1.jar:/Users/Usuario/.m2/repository/org/ow2/asm/asm/9.6/asm-9.6.jar:/Users/Usuario/.m2/repository/org/assertj/assertj-core/3.25.3/assertj-core-3.25.3.jar:/Users/Usuario/.m2/repository/net/bytebuddy/byte-buddy/1.14.19/byte-buddy-1.14.19.jar:/Users/Usuario/.m2/repository/org/awaitility/awaitility/4.2.2/awaitility-4.2.2.jar:/Users/Usuario/.m2/repository/org/hamcrest/hamcrest/2.2/hamcrest-2.2.jar:/Users/Usuario/.m2/repository/org/junit/jupiter/junit-jupiter/5.10.5/junit-jupiter-5.10.5.jar:/Users/Usuario/.m2/repository/org/junit/jupiter/junit-jupiter-api/5.10.5/junit-jupiter-api-5.10.5.jar:/Users/Usuario/.m2/repository/org/opentest4j/opentest4j/1.3.0/opentest4j-1.3.0.jar:/Users/Usuario/.m2/repository/org/junit/platform/junit-platform-commons/1.10.5/junit-platform-commons-1.10.5.jar:/Users/Usuario/.m2/repository/org/apiguardian/apiguardian-api/1.1.2/apiguardian-api-1.1.2.jar:/Users/Usuario/.m2/repository/org/junit/jupiter/junit-jupiter-params/5.10.5/junit-jupiter-params-5.10.5.jar:/Users/Usuario/.m2/repository/org/junit/jupiter/junit-jupiter-engine/5.10.5/junit-jupiter-engine-5.10.5.jar:/Users/Usuario/.m2/repository/org/junit/platform/junit-platform-engine/1.10.5/junit-platform-engine-1.10.5.jar:/Users/Usuario/.m2/repository/org/mockito/mockito-core/5.11.0/mockito-core-5.11.0.jar:/Users/Usuario/.m2/repository/net/bytebuddy/byte-buddy-agent/1.14.19/byte-buddy-agent-1.14.19.jar:/Users/Usuario/.m2/repository/org/objenesis/objenesis/3.3/objenesis-3.3.jar:/Users/Usuario/.m2/repository/org/mockito/mockito-junit-jupiter/5.11.0/mockito-junit-jupiter-5.11.0.jar:/Users/Usuario/.m2/repository/org/skyscreamer/jsonassert/1.5.3/jsonassert-1.5.3.jar:/Users/Usuario/.m2/repository/com/vaadin/external/google/android-json/0.0.20131108.vaadin1/android-json-0.0.20131108.vaadin1.jar:/Users/Usuario/.m2/repository/org/springframework/spring-core/6.1.14/spring-core-6.1.14.jar:/Users/Usuario/.m2/repository/org/springframework/spring-jcl/6.1.14/spring-jcl-6.1.14.jar:/Users/Usuario/.m2/repository/org/springframework/spring-test/6.1.14/spring-test-6.1.14.jar:/Users/Usuario/.m2/repository/org/xmlunit/xmlunit-core/2.9.1/xmlunit-core-2.9.1.jar:/Users/Usuario/.m2/repository/org/springframework/boot/spring-boot-starter-web/3.3.5/spring-boot-starter-web-3.3.5.jar:/Users/Usuario/.m2/repository/org/springframework/boot/spring-boot-starter-json/3.3.5/spring-boot-starter-json-3.3.5.jar:/Users/Usuario/.m2/repository/com/fasterxml/jackson/datatype/jackson-datatype-jdk8/2.17.2/jackson-datatype-jdk8-2.17.2.jar:/Users/Usuario/.m2/repository/com/fasterxml/jackson/module/jackson-module-parameter-names/2.17.2/jackson-module-parameter-names-2.17.2.jar:/Users/Usuario/.m2/repository/org/springframework/boot/spring-boot-starter-tomcat/3.3.5/spring-boot-starter-tomcat-3.3.5.jar:/Users/Usuario/.m2/repository/org/apache/tomcat/embed/tomcat-embed-core/10.1.31/tomcat-embed-core-10.1.31.jar:/Users/Usuario/.m2/repository/org/apache/tomcat/embed/tomcat-embed-el/10.1.31/tomcat-embed-el-10.1.31.jar:/Users/Usuario/.m2/repository/org/apache/tomcat/embed/tomcat-embed-websocket/10.1.31/tomcat-embed-websocket-10.1.31.jar:/Users/Usuario/.m2/repository/org/springframework/spring-web/6.1.14/spring-web-6.1.14.jar:/Users/Usuario/.m2/repository/org/springframework/spring-beans/6.1.14/spring-beans-6.1.14.jar:/Users/Usuario/.m2/repository/io/micrometer/micrometer-observation/1.13.6/micrometer-observation-1.13.6.jar:/Users/Usuario/.m2/repository/io/micrometer/micrometer-commons/1.13.6/micrometer-commons-1.13.6.jar:/Users/Usuario/.m2/repository/org/springframework/spring-webmvc/6.1.14/spring-webmvc-6.1.14.jar:/Users/Usuario/.m2/repository/org/springframework/spring-aop/6.1.14/spring-aop-6.1.14.jar:/Users/Usuario/.m2/repository/org/springframework/spring-expression/6.1.14/spring-expression-6.1.14.jar:/Users/Usuario/.m2/repository/jakarta/persistence/jakarta.persistence-api/3.1.0/jakarta.persistence-api-3.1.0.jar:/Users/Usuario/.m2/repository/com/google/oauth-client/google-oauth-client-java6/1.31.0/google-oauth-client-java6-1.31.0.jar:/Users/Usuario/.m2/repository/com/google/oauth-client/google-oauth-client-jetty/1.31.0/google-oauth-client-jetty-1.31.0.jar:/Users/Usuario/.m2/repository/com/google/api-client/google-api-client-jackson2/1.28.1/google-api-client-jackson2-1.28.1.jar:/Users/Usuario/.m2/repository/com/google/http-client/google-http-client-jackson2/1.45.0/google-http-client-jackson2-1.45.0.jar:/Users/Usuario/.m2/repository/javax/servlet/javax.servlet-api/4.0.1/javax.servlet-api-4.0.1.jar:"/>
    <property name="java.vm.vendor" value="Eclipse Adoptium"/>
    <property name="sun.arch.data.model" value="64"/>
    <property name="java.vendor.url" value="https://adoptium.net/"/>
    <property name="user.timezone" value="America/Monterrey"/>
    <property name="os.name" value="Mac OS X"/>
    <property name="java.vm.specification.version" value="23"/>
    <property name="user.country" value="419"/>
    <property name="sun.java.launcher" value="SUN_STANDARD"/>
    <property name="sun.boot.library.path" value="/Users/Usuario/.p2/pool/plugins/org.eclipse.justj.openjdk.hotspot.jre.full.macosx.x86_64_23.0.1.v20241024-1700/jre/lib"/>
    <property name="sun.java.command" value="/Users/Usuario/eclipse-workspace/ConsultaDatosWebService/target/surefire/surefirebooter-20250228094609359_3.jar /Users/Usuario/eclipse-workspace/ConsultaDatosWebService/target/surefire 2025-02-28T09-46-09_160-jvmRun1 surefire-20250228094609359_1tmp surefire_0-20250228094609359_2tmp"/>
    <property name="http.nonProxyHosts" value="local|*.local|169.254/16|*.169.254/16"/>
    <property name="jdk.debug" value="release"/>
    <property name="surefire.test.class.path" value="/Users/Usuario/eclipse-workspace/ConsultaDatosWebService/target/test-classes:/Users/Usuario/eclipse-workspace/ConsultaDatosWebService/target/classes:/Users/Usuario/.m2/repository/com/google/cloud/spring-cloud-gcp-starter/5.8.0/spring-cloud-gcp-starter-5.8.0.jar:/Users/Usuario/.m2/repository/com/google/cloud/spring-cloud-gcp-core/5.8.0/spring-cloud-gcp-core-5.8.0.jar:/Users/Usuario/.m2/repository/org/springframework/spring-context/6.1.14/spring-context-6.1.14.jar:/Users/Usuario/.m2/repository/com/google/cloud/spring-cloud-gcp-autoconfigure/5.8.0/spring-cloud-gcp-autoconfigure-5.8.0.jar:/Users/Usuario/.m2/repository/org/springframework/boot/spring-boot-autoconfigure/3.3.5/spring-boot-autoconfigure-3.3.5.jar:/Users/Usuario/.m2/repository/org/apache/commons/commons-lang3/3.14.0/commons-lang3-3.14.0.jar:/Users/Usuario/.m2/repository/org/springframework/boot/spring-boot-starter/3.3.5/spring-boot-starter-3.3.5.jar:/Users/Usuario/.m2/repository/org/springframework/boot/spring-boot/3.3.5/spring-boot-3.3.5.jar:/Users/Usuario/.m2/repository/org/springframework/boot/spring-boot-starter-logging/3.3.5/spring-boot-starter-logging-3.3.5.jar:/Users/Usuario/.m2/repository/ch/qos/logback/logback-classic/1.5.11/logback-classic-1.5.11.jar:/Users/Usuario/.m2/repository/ch/qos/logback/logback-core/1.5.11/logback-core-1.5.11.jar:/Users/Usuario/.m2/repository/org/apache/logging/log4j/log4j-to-slf4j/2.23.1/log4j-to-slf4j-2.23.1.jar:/Users/Usuario/.m2/repository/org/apache/logging/log4j/log4j-api/2.23.1/log4j-api-2.23.1.jar:/Users/Usuario/.m2/repository/org/slf4j/jul-to-slf4j/2.0.16/jul-to-slf4j-2.0.16.jar:/Users/Usuario/.m2/repository/jakarta/annotation/jakarta.annotation-api/2.1.1/jakarta.annotation-api-2.1.1.jar:/Users/Usuario/.m2/repository/org/yaml/snakeyaml/2.2/snakeyaml-2.2.jar:/Users/Usuario/.m2/repository/org/slf4j/slf4j-api/2.0.16/slf4j-api-2.0.16.jar:/Users/Usuario/.m2/repository/com/google/cloud/google-cloud-bigquery/2.43.1/google-cloud-bigquery-2.43.1.jar:/Users/Usuario/.m2/repository/com/google/cloud/google-cloud-core/2.45.0/google-cloud-core-2.45.0.jar:/Users/Usuario/.m2/repository/com/google/protobuf/protobuf-java-util/3.25.5/protobuf-java-util-3.25.5.jar:/Users/Usuario/.m2/repository/com/google/api/grpc/proto-google-common-protos/2.46.0/proto-google-common-protos-2.46.0.jar:/Users/Usuario/.m2/repository/com/google/api/grpc/proto-google-iam-v1/1.41.0/proto-google-iam-v1-1.41.0.jar:/Users/Usuario/.m2/repository/com/google/cloud/google-cloud-core-http/2.45.0/google-cloud-core-http-2.45.0.jar:/Users/Usuario/.m2/repository/com/google/api-client/google-api-client/2.7.0/google-api-client-2.7.0.jar:/Users/Usuario/.m2/repository/com/google/oauth-client/google-oauth-client/1.36.0/google-oauth-client-1.36.0.jar:/Users/Usuario/.m2/repository/com/google/http-client/google-http-client-apache-v2/1.45.0/google-http-client-apache-v2-1.45.0.jar:/Users/Usuario/.m2/repository/com/google/http-client/google-http-client-appengine/1.45.0/google-http-client-appengine-1.45.0.jar:/Users/Usuario/.m2/repository/com/google/api/gax-httpjson/2.55.0/gax-httpjson-2.55.0.jar:/Users/Usuario/.m2/repository/io/opencensus/opencensus-api/0.31.1/opencensus-api-0.31.1.jar:/Users/Usuario/.m2/repository/io/opencensus/opencensus-contrib-http-util/0.31.1/opencensus-contrib-http-util-0.31.1.jar:/Users/Usuario/.m2/repository/com/google/http-client/google-http-client-gson/1.45.0/google-http-client-gson-1.45.0.jar:/Users/Usuario/.m2/repository/com/google/http-client/google-http-client/1.45.0/google-http-client-1.45.0.jar:/Users/Usuario/.m2/repository/org/apache/httpcomponents/httpclient/4.5.14/httpclient-4.5.14.jar:/Users/Usuario/.m2/repository/org/apache/httpcomponents/httpcore/4.4.16/httpcore-4.4.16.jar:/Users/Usuario/.m2/repository/com/google/j2objc/j2objc-annotations/3.0.0/j2objc-annotations-3.0.0.jar:/Users/Usuario/.m2/repository/io/grpc/grpc-context/1.67.1/grpc-context-1.67.1.jar:/Users/Usuario/.m2/repository/org/checkerframework/checker-compat-qual/2.5.6/checker-compat-qual-2.5.6.jar:/Users/Usuario/.m2/repository/org/checkerframework/checker-qual/3.47.0/checker-qual-3.47.0.jar:/Users/Usuario/.m2/repository/com/google/auth/google-auth-library-credentials/1.28.0/google-auth-library-credentials-1.28.0.jar:/Users/Usuario/.m2/repository/com/google/auth/google-auth-library-oauth2-http/1.28.0/google-auth-library-oauth2-http-1.28.0.jar:/Users/Usuario/.m2/repository/com/google/code/findbugs/jsr305/3.0.2/jsr305-3.0.2.jar:/Users/Usuario/.m2/repository/com/google/apis/google-api-services-bigquery/v2-rev20240919-2.0.0/google-api-services-bigquery-v2-rev20240919-2.0.0.jar:/Users/Usuario/.m2/repository/com/google/api/api-common/2.38.0/api-common-2.38.0.jar:/Users/Usuario/.m2/repository/javax/annotation/javax.annotation-api/1.3.2/javax.annotation-api-1.3.2.jar:/Users/Usuario/.m2/repository/com/google/guava/guava/33.3.1-jre/guava-33.3.1-jre.jar:/Users/Usuario/.m2/repository/com/google/guava/failureaccess/1.0.2/failureaccess-1.0.2.jar:/Users/Usuario/.m2/repository/com/google/guava/listenablefuture/9999.0-empty-to-avoid-conflict-with-guava/listenablefuture-9999.0-empty-to-avoid-conflict-with-guava.jar:/Users/Usuario/.m2/repository/com/google/api/gax/2.55.0/gax-2.55.0.jar:/Users/Usuario/.m2/repository/org/threeten/threetenbp/1.7.0/threetenbp-1.7.0.jar:/Users/Usuario/.m2/repository/com/google/code/gson/gson/2.10.1/gson-2.10.1.jar:/Users/Usuario/.m2/repository/org/threeten/threeten-extra/1.8.0/threeten-extra-1.8.0.jar:/Users/Usuario/.m2/repository/com/google/protobuf/protobuf-java/3.25.5/protobuf-java-3.25.5.jar:/Users/Usuario/.m2/repository/com/google/cloud/google-cloud-bigquerystorage/3.9.3/google-cloud-bigquerystorage-3.9.3.jar:/Users/Usuario/.m2/repository/io/grpc/grpc-api/1.67.1/grpc-api-1.67.1.jar:/Users/Usuario/.m2/repository/io/grpc/grpc-stub/1.67.1/grpc-stub-1.67.1.jar:/Users/Usuario/.m2/repository/io/grpc/grpc-protobuf/1.67.1/grpc-protobuf-1.67.1.jar:/Users/Usuario/.m2/repository/io/grpc/grpc-protobuf-lite/1.67.1/grpc-protobuf-lite-1.67.1.jar:/Users/Usuario/.m2/repository/io/grpc/grpc-util/1.67.1/grpc-util-1.67.1.jar:/Users/Usuario/.m2/repository/io/grpc/grpc-core/1.67.1/grpc-core-1.67.1.jar:/Users/Usuario/.m2/repository/com/google/android/annotations/4.1.1.4/annotations-4.1.1.4.jar:/Users/Usuario/.m2/repository/io/perfmark/perfmark-api/0.27.0/perfmark-api-0.27.0.jar:/Users/Usuario/.m2/repository/org/codehaus/mojo/animal-sniffer-annotations/1.24/animal-sniffer-annotations-1.24.jar:/Users/Usuario/.m2/repository/com/google/auto/value/auto-value/1.11.0/auto-value-1.11.0.jar:/Users/Usuario/.m2/repository/com/google/api/grpc/proto-google-cloud-bigquerystorage-v1alpha/3.9.3/proto-google-cloud-bigquerystorage-v1alpha-3.9.3.jar:/Users/Usuario/.m2/repository/com/google/api/grpc/proto-google-cloud-bigquerystorage-v1beta1/0.181.3/proto-google-cloud-bigquerystorage-v1beta1-0.181.3.jar:/Users/Usuario/.m2/repository/com/google/api/grpc/proto-google-cloud-bigquerystorage-v1beta2/0.181.3/proto-google-cloud-bigquerystorage-v1beta2-0.181.3.jar:/Users/Usuario/.m2/repository/com/google/api/gax-grpc/2.55.0/gax-grpc-2.55.0.jar:/Users/Usuario/.m2/repository/io/grpc/grpc-inprocess/1.67.1/grpc-inprocess-1.67.1.jar:/Users/Usuario/.m2/repository/io/grpc/grpc-alts/1.67.1/grpc-alts-1.67.1.jar:/Users/Usuario/.m2/repository/io/grpc/grpc-grpclb/1.67.1/grpc-grpclb-1.67.1.jar:/Users/Usuario/.m2/repository/org/conscrypt/conscrypt-openjdk-uber/2.5.2/conscrypt-openjdk-uber-2.5.2.jar:/Users/Usuario/.m2/repository/io/grpc/grpc-auth/1.67.1/grpc-auth-1.67.1.jar:/Users/Usuario/.m2/repository/io/grpc/grpc-netty-shaded/1.67.1/grpc-netty-shaded-1.67.1.jar:/Users/Usuario/.m2/repository/io/grpc/grpc-googleapis/1.67.1/grpc-googleapis-1.67.1.jar:/Users/Usuario/.m2/repository/org/json/json/20240303/json-20240303.jar:/Users/Usuario/.m2/repository/io/opentelemetry/opentelemetry-api/1.43.0/opentelemetry-api-1.43.0.jar:/Users/Usuario/.m2/repository/io/opentelemetry/opentelemetry-context/1.37.0/opentelemetry-context-1.37.0.jar:/Users/Usuario/.m2/repository/commons-codec/commons-codec/1.16.1/commons-codec-1.16.1.jar:/Users/Usuario/.m2/repository/com/google/api/grpc/grpc-google-cloud-bigquerystorage-v1beta1/0.181.3/grpc-google-cloud-bigquerystorage-v1beta1-0.181.3.jar:/Users/Usuario/.m2/repository/com/google/api/grpc/grpc-google-cloud-bigquerystorage-v1beta2/0.181.3/grpc-google-cloud-bigquerystorage-v1beta2-0.181.3.jar:/Users/Usuario/.m2/repository/com/google/api/grpc/grpc-google-cloud-bigquerystorage-v1/3.9.3/grpc-google-cloud-bigquerystorage-v1-3.9.3.jar:/Users/Usuario/.m2/repository/com/google/api/grpc/proto-google-cloud-bigquerystorage-v1/3.9.3/proto-google-cloud-bigquerystorage-v1-3.9.3.jar:/Users/Usuario/.m2/repository/org/apache/arrow/arrow-vector/15.0.2/arrow-vector-15.0.2.jar:/Users/Usuario/.m2/repository/org/apache/arrow/arrow-format/15.0.2/arrow-format-15.0.2.jar:/Users/Usuario/.m2/repository/com/fasterxml/jackson/core/jackson-core/2.17.2/jackson-core-2.17.2.jar:/Users/Usuario/.m2/repository/com/fasterxml/jackson/core/jackson-annotations/2.17.2/jackson-annotations-2.17.2.jar:/Users/Usuario/.m2/repository/com/fasterxml/jackson/core/jackson-databind/2.17.2/jackson-databind-2.17.2.jar:/Users/Usuario/.m2/repository/com/fasterxml/jackson/datatype/jackson-datatype-jsr310/2.17.2/jackson-datatype-jsr310-2.17.2.jar:/Users/Usuario/.m2/repository/com/google/flatbuffers/flatbuffers-java/23.5.26/flatbuffers-java-23.5.26.jar:/Users/Usuario/.m2/repository/org/eclipse/collections/eclipse-collections/11.1.0/eclipse-collections-11.1.0.jar:/Users/Usuario/.m2/repository/org/eclipse/collections/eclipse-collections-api/11.1.0/eclipse-collections-api-11.1.0.jar:/Users/Usuario/.m2/repository/org/apache/arrow/arrow-memory-core/15.0.2/arrow-memory-core-15.0.2.jar:/Users/Usuario/.m2/repository/org/apache/arrow/arrow-memory-netty/15.0.2/arrow-memory-netty-15.0.2.jar:/Users/Usuario/.m2/repository/io/netty/netty-buffer/4.1.114.Final/netty-buffer-4.1.114.Final.jar:/Users/Usuario/.m2/repository/io/netty/netty-common/4.1.114.Final/netty-common-4.1.114.Final.jar:/Users/Usuario/.m2/repository/com/google/errorprone/error_prone_annotations/2.33.0/error_prone_annotations-2.33.0.jar:/Users/Usuario/.m2/repository/org/postgresql/postgresql/42.7.4/postgresql-42.7.4.jar:/Users/Usuario/.m2/repository/org/springframework/boot/spring-boot-starter-test/3.3.5/spring-boot-starter-test-3.3.5.jar:/Users/Usuario/.m2/repository/org/springframework/boot/spring-boot-test/3.3.5/spring-boot-test-3.3.5.jar:/Users/Usuario/.m2/repository/org/springframework/boot/spring-boot-test-autoconfigure/3.3.5/spring-boot-test-autoconfigure-3.3.5.jar:/Users/Usuario/.m2/repository/com/jayway/jsonpath/json-path/2.9.0/json-path-2.9.0.jar:/Users/Usuario/.m2/repository/jakarta/xml/bind/jakarta.xml.bind-api/4.0.2/jakarta.xml.bind-api-4.0.2.jar:/Users/Usuario/.m2/repository/jakarta/activation/jakarta.activation-api/2.1.3/jakarta.activation-api-2.1.3.jar:/Users/Usuario/.m2/repository/net/minidev/json-smart/2.5.1/json-smart-2.5.1.jar:/Users/Usuario/.m2/repository/net/minidev/accessors-smart/2.5.1/accessors-smart-2.5.1.jar:/Users/Usuario/.m2/repository/org/ow2/asm/asm/9.6/asm-9.6.jar:/Users/Usuario/.m2/repository/org/assertj/assertj-core/3.25.3/assertj-core-3.25.3.jar:/Users/Usuario/.m2/repository/net/bytebuddy/byte-buddy/1.14.19/byte-buddy-1.14.19.jar:/Users/Usuario/.m2/repository/org/awaitility/awaitility/4.2.2/awaitility-4.2.2.jar:/Users/Usuario/.m2/repository/org/hamcrest/hamcrest/2.2/hamcrest-2.2.jar:/Users/Usuario/.m2/repository/org/junit/jupiter/junit-jupiter/5.10.5/junit-jupiter-5.10.5.jar:/Users/Usuario/.m2/repository/org/junit/jupiter/junit-jupiter-api/5.10.5/junit-jupiter-api-5.10.5.jar:/Users/Usuario/.m2/repository/org/opentest4j/opentest4j/1.3.0/opentest4j-1.3.0.jar:/Users/Usuario/.m2/repository/org/junit/platform/junit-platform-commons/1.10.5/junit-platform-commons-1.10.5.jar:/Users/Usuario/.m2/repository/org/apiguardian/apiguardian-api/1.1.2/apiguardian-api-1.1.2.jar:/Users/Usuario/.m2/repository/org/junit/jupiter/junit-jupiter-params/5.10.5/junit-jupiter-params-5.10.5.jar:/Users/Usuario/.m2/repository/org/junit/jupiter/junit-jupiter-engine/5.10.5/junit-jupiter-engine-5.10.5.jar:/Users/Usuario/.m2/repository/org/junit/platform/junit-platform-engine/1.10.5/junit-platform-engine-1.10.5.jar:/Users/Usuario/.m2/repository/org/mockito/mockito-core/5.11.0/mockito-core-5.11.0.jar:/Users/Usuario/.m2/repository/net/bytebuddy/byte-buddy-agent/1.14.19/byte-buddy-agent-1.14.19.jar:/Users/Usuario/.m2/repository/org/objenesis/objenesis/3.3/objenesis-3.3.jar:/Users/Usuario/.m2/repository/org/mockito/mockito-junit-jupiter/5.11.0/mockito-junit-jupiter-5.11.0.jar:/Users/Usuario/.m2/repository/org/skyscreamer/jsonassert/1.5.3/jsonassert-1.5.3.jar:/Users/Usuario/.m2/repository/com/vaadin/external/google/android-json/0.0.20131108.vaadin1/android-json-0.0.20131108.vaadin1.jar:/Users/Usuario/.m2/repository/org/springframework/spring-core/6.1.14/spring-core-6.1.14.jar:/Users/Usuario/.m2/repository/org/springframework/spring-jcl/6.1.14/spring-jcl-6.1.14.jar:/Users/Usuario/.m2/repository/org/springframework/spring-test/6.1.14/spring-test-6.1.14.jar:/Users/Usuario/.m2/repository/org/xmlunit/xmlunit-core/2.9.1/xmlunit-core-2.9.1.jar:/Users/Usuario/.m2/repository/org/springframework/boot/spring-boot-starter-web/3.3.5/spring-boot-starter-web-3.3.5.jar:/Users/Usuario/.m2/repository/org/springframework/boot/spring-boot-starter-json/3.3.5/spring-boot-starter-json-3.3.5.jar:/Users/Usuario/.m2/repository/com/fasterxml/jackson/datatype/jackson-datatype-jdk8/2.17.2/jackson-datatype-jdk8-2.17.2.jar:/Users/Usuario/.m2/repository/com/fasterxml/jackson/module/jackson-module-parameter-names/2.17.2/jackson-module-parameter-names-2.17.2.jar:/Users/Usuario/.m2/repository/org/springframework/boot/spring-boot-starter-tomcat/3.3.5/spring-boot-starter-tomcat-3.3.5.jar:/Users/Usuario/.m2/repository/org/apache/tomcat/embed/tomcat-embed-core/10.1.31/tomcat-embed-core-10.1.31.jar:/Users/Usuario/.m2/repository/org/apache/tomcat/embed/tomcat-embed-el/10.1.31/tomcat-embed-el-10.1.31.jar:/Users/Usuario/.m2/repository/org/apache/tomcat/embed/tomcat-embed-websocket/10.1.31/tomcat-embed-websocket-10.1.31.jar:/Users/Usuario/.m2/repository/org/springframework/spring-web/6.1.14/spring-web-6.1.14.jar:/Users/Usuario/.m2/repository/org/springframework/spring-beans/6.1.14/spring-beans-6.1.14.jar:/Users/Usuario/.m2/repository/io/micrometer/micrometer-observation/1.13.6/micrometer-observation-1.13.6.jar:/Users/Usuario/.m2/repository/io/micrometer/micrometer-commons/1.13.6/micrometer-commons-1.13.6.jar:/Users/Usuario/.m2/repository/org/springframework/spring-webmvc/6.1.14/spring-webmvc-6.1.14.jar:/Users/Usuario/.m2/repository/org/springframework/spring-aop/6.1.14/spring-aop-6.1.14.jar:/Users/Usuario/.m2/repository/org/springframework/spring-expression/6.1.14/spring-expression-6.1.14.jar:/Users/Usuario/.m2/repository/jakarta/persistence/jakarta.persistence-api/3.1.0/jakarta.persistence-api-3.1.0.jar:/Users/Usuario/.m2/repository/com/google/oauth-client/google-oauth-client-java6/1.31.0/google-oauth-client-java6-1.31.0.jar:/Users/Usuario/.m2/repository/com/google/oauth-client/google-oauth-client-jetty/1.31.0/google-oauth-client-jetty-1.31.0.jar:/Users/Usuario/.m2/repository/com/google/api-client/google-api-client-jackson2/1.28.1/google-api-client-jackson2-1.28.1.jar:/Users/Usuario/.m2/repository/com/google/http-client/google-http-client-jackson2/1.45.0/google-http-client-jackson2-1.45.0.jar:/Users/Usuario/.m2/repository/javax/servlet/javax.servlet-api/4.0.1/javax.servlet-api-4.0.1.jar:"/>
    <property name="sun.cpu.endian" value="little"/>
    <property name="user.home" value="/Users/Usuario"/>
    <property name="user.language" value="es"/>
    <property name="java.specification.vendor" value="Oracle Corporation"/>
    <property name="java.version.date" value="2024-10-15"/>
    <property name="java.home" value="/Users/Usuario/.p2/pool/plugins/org.eclipse.justj.openjdk.hotspot.jre.full.macosx.x86_64_23.0.1.v20241024-1700/jre"/>
    <property name="file.separator" value="/"/>
    <property name="basedir" value="/Users/Usuario/eclipse-workspace/ConsultaDatosWebService"/>
    <property name="style.color" value="always"/>
    <property name="java.vm.compressedOopsMode" value="Zero based"/>
    <property name="line.separator" value="&#10;"/>
    <property name="java.vm.specification.vendor" value="Oracle Corporation"/>
    <property name="java.specification.name" value="Java Platform API Specification"/>
    <property name="FILE_LOG_CHARSET" value="UTF-8"/>
    <property name="java.awt.headless" value="true"/>
    <property name="apple.awt.application.name" value="ForkedBooter"/>
    <property name="surefire.real.class.path" value="/Users/Usuario/eclipse-workspace/ConsultaDatosWebService/target/surefire/surefirebooter-20250228094609359_3.jar"/>
    <property name="sun.management.compiler" value="HotSpot 64-Bit Tiered Compilers"/>
    <property name="ftp.nonProxyHosts" value="local|*.local|169.254/16|*.169.254/16"/>
    <property name="java.runtime.version" value="23.0.1+11"/>
    <property name="user.name" value="Usuario"/>
    <property name="stdout.encoding" value="UTF-8"/>
    <property name="path.separator" value=":"/>
    <property name="os.version" value="12.7.6"/>
    <property name="java.runtime.name" value="OpenJDK Runtime Environment"/>
    <property name="file.encoding" value="UTF-8"/>
    <property name="java.vm.name" value="OpenJDK 64-Bit Server VM"/>
    <property name="java.vendor.version" value="Temurin-23.0.1+11"/>
    <property name="LOG_FILE" value="logs/application.log"/>
    <property name="localRepository" value="/Users/Usuario/.m2/repository"/>
    <property name="java.vendor.url.bug" value="https://github.com/adoptium/adoptium-support/issues"/>
    <property name="java.io.tmpdir" value="/var/folders/71/_d7z4n_x0h92q9th0x_0tx640000gp/T/"/>
    <property name="java.version" value="23.0.1"/>
    <property name="user.dir" value="/Users/Usuario/eclipse-workspace/ConsultaDatosWebService"/>
    <property name="os.arch" value="x86_64"/>
    <property name="java.vm.specification.name" value="Java Virtual Machine Specification"/>
    <property name="PID" value="1012"/>
    <property name="CONSOLE_LOG_CHARSET" value="UTF-8"/>
    <property name="native.encoding" value="UTF-8"/>
    <property name="java.library.path" value="/Users/Usuario/Library/Java/Extensions:/Library/Java/Extensions:/Network/Library/Java/Extensions:/System/Library/Java/Extensions:/usr/lib/java:."/>
    <property name="java.vm.info" value="mixed mode, sharing"/>
    <property name="stderr.encoding" value="UTF-8"/>
    <property name="java.vendor" value="Eclipse Adoptium"/>
    <property name="java.vm.version" value="23.0.1+11"/>
    <property name="sun.io.unicode.encoding" value="UnicodeBig"/>
    <property name="socksNonProxyHosts" value="local|*.local|169.254/16|*.169.254/16"/>
    <property name="java.class.version" value="67.0"/>
    <property name="LOGGED_APPLICATION_NAME" value="[ConsultaDatosWebService] "/>
  </properties>
  <testcase name="contextLoads" classname="com.example.demo.ConsultaDatosWebServiceApplicationTests" time="2.017">
    <system-out><![CDATA[09:46:11.120 [main] INFO org.springframework.test.context.support.AnnotationConfigContextLoaderUtils -- Could not detect default configuration classes for test class [com.example.demo.ConsultaDatosWebServiceApplicationTests]: ConsultaDatosWebServiceApplicationTests does not declare any static, non-private, non-final, nested classes annotated with @Configuration.
09:46:11.425 [main] INFO org.springframework.boot.test.context.SpringBootTestContextBootstrapper -- Found @SpringBootConfiguration com.example.demo.ConsultaDatosWebServiceApplication for test class com.example.demo.ConsultaDatosWebServiceApplicationTests

  .   ____          _            __ _ _
 /\\ / ___'_ __ _ _(_)_ __  __ _ \ \ \ \
( ( )\___ | '_ | '_| | '_ \/ _` | \ \ \ \
 \\/  ___)| |_)| | | | | || (_| |  ) ) ) )
  '  |____| .__|_| |_|_| |_\__, | / / / /
 =========|_|==============|___/=/_/_/_/

 :: Spring Boot ::                (v3.3.5)

2025-02-28T09:46:12.540-06:00  WARN 1012 --- [ConsultaDatosWebService] [           main] ory$DuplicateJsonObjectContextCustomizer : 

Found multiple occurrences of org.json.JSONObject on the class path:

	jar:file:/Users/Usuario/.m2/repository/org/json/json/20240303/json-20240303.jar!/org/json/JSONObject.class
	jar:file:/Users/Usuario/.m2/repository/com/vaadin/external/google/android-json/0.0.20131108.vaadin1/android-json-0.0.20131108.vaadin1.jar!/org/json/JSONObject.class

You may wish to exclude one of them to ensure predictable runtime behavior

2025-02-28T09:46:12.597-06:00  INFO 1012 --- [ConsultaDatosWebService] [           main] .ConsultaDatosWebServiceApplicationTests : Starting ConsultaDatosWebServiceApplicationTests using Java 23.0.1 with PID 1012 (started by Usuario in /Users/Usuario/eclipse-workspace/ConsultaDatosWebService)
2025-02-28T09:46:12.599-06:00  INFO 1012 --- [ConsultaDatosWebService] [           main] .ConsultaDatosWebServiceApplicationTests : No active profile set, falling back to 1 default profile: "default"
2025-02-28T09:46:12.700-06:00 DEBUG 1012 --- [ConsultaDatosWebService] [           main] o.s.w.c.s.GenericWebApplicationContext   : Refreshing org.springframework.web.context.support.GenericWebApplicationContext@c0b41d6
2025-02-28T09:46:14.686-06:00 DEBUG 1012 --- [ConsultaDatosWebService] [           main] s.w.s.m.m.a.RequestMappingHandlerMapping : 2 mappings in 'requestMappingHandlerMapping'
2025-02-28T09:46:14.810-06:00 DEBUG 1012 --- [ConsultaDatosWebService] [           main] o.s.w.s.handler.SimpleUrlHandlerMapping  : Patterns [/webjars/**, /**] in 'resourceHandlerMapping'
2025-02-28T09:46:14.869-06:00 DEBUG 1012 --- [ConsultaDatosWebService] [           main] s.w.s.m.m.a.RequestMappingHandlerAdapter : ControllerAdvice beans: 0 @ModelAttribute, 0 @InitBinder, 1 RequestBodyAdvice, 1 ResponseBodyAdvice
2025-02-28T09:46:14.952-06:00 DEBUG 1012 --- [ConsultaDatosWebService] [           main] .m.m.a.ExceptionHandlerExceptionResolver : ControllerAdvice beans: 0 @ExceptionHandler, 1 ResponseBodyAdvice
2025-02-28T09:46:45.266-06:00  WARN 1012 --- [ConsultaDatosWebService] [           main] c.g.c.s.core.DefaultCredentialsProvider  : No core credentials are set. Service-specific credentials (e.g., spring.cloud.gcp.pubsub.credentials.*) should be used if your app uses services that require credentials.

java.io.IOException: Your default credentials were not found. To set up Application Default Credentials for your environment, see https://cloud.google.com/docs/authentication/external/set-up-adc.
	at com.google.auth.oauth2.DefaultCredentialsProvider.getDefaultCredentials(DefaultCredentialsProvider.java:127) ~[google-auth-library-oauth2-http-1.28.0.jar:1.28.0]
	at com.google.auth.oauth2.GoogleCredentials.getApplicationDefault(GoogleCredentials.java:152) ~[google-auth-library-oauth2-http-1.28.0.jar:1.28.0]
	at com.google.auth.oauth2.GoogleCredentials.getApplicationDefault(GoogleCredentials.java:124) ~[google-auth-library-oauth2-http-1.28.0.jar:1.28.0]
	at com.google.api.gax.core.GoogleCredentialsProvider.getCredentials(GoogleCredentialsProvider.java:70) ~[gax-2.55.0.jar:2.55.0]
	at com.google.cloud.spring.core.DefaultCredentialsProvider.<init>(DefaultCredentialsProvider.java:101) ~[spring-cloud-gcp-core-5.8.0.jar:5.8.0]
	at com.google.cloud.spring.autoconfigure.core.GcpContextAutoConfiguration.googleCredentials(GcpContextAutoConfiguration.java:56) ~[spring-cloud-gcp-autoconfigure-5.8.0.jar:5.8.0]
	at java.base/jdk.internal.reflect.DirectMethodHandleAccessor.invoke(DirectMethodHandleAccessor.java:103) ~[na:na]
	at java.base/java.lang.reflect.Method.invoke(Method.java:580) ~[na:na]
	at org.springframework.beans.factory.support.SimpleInstantiationStrategy.instantiate(SimpleInstantiationStrategy.java:146) ~[spring-beans-6.1.14.jar:6.1.14]
	at org.springframework.beans.factory.support.ConstructorResolver.instantiate(ConstructorResolver.java:644) ~[spring-beans-6.1.14.jar:6.1.14]
	at org.springframework.beans.factory.support.ConstructorResolver.instantiateUsingFactoryMethod(ConstructorResolver.java:485) ~[spring-beans-6.1.14.jar:6.1.14]
	at org.springframework.beans.factory.support.AbstractAutowireCapableBeanFactory.instantiateUsingFactoryMethod(AbstractAutowireCapableBeanFactory.java:1355) ~[spring-beans-6.1.14.jar:6.1.14]
	at org.springframework.beans.factory.support.AbstractAutowireCapableBeanFactory.createBeanInstance(AbstractAutowireCapableBeanFactory.java:1185) ~[spring-beans-6.1.14.jar:6.1.14]
	at org.springframework.beans.factory.support.AbstractAutowireCapableBeanFactory.doCreateBean(AbstractAutowireCapableBeanFactory.java:562) ~[spring-beans-6.1.14.jar:6.1.14]
	at org.springframework.beans.factory.support.AbstractAutowireCapableBeanFactory.createBean(AbstractAutowireCapableBeanFactory.java:522) ~[spring-beans-6.1.14.jar:6.1.14]
	at org.springframework.beans.factory.support.AbstractBeanFactory.lambda$doGetBean$0(AbstractBeanFactory.java:337) ~[spring-beans-6.1.14.jar:6.1.14]
	at org.springframework.beans.factory.support.DefaultSingletonBeanRegistry.getSingleton(DefaultSingletonBeanRegistry.java:234) ~[spring-beans-6.1.14.jar:6.1.14]
	at org.springframework.beans.factory.support.AbstractBeanFactory.doGetBean(AbstractBeanFactory.java:335) ~[spring-beans-6.1.14.jar:6.1.14]
	at org.springframework.beans.factory.support.AbstractBeanFactory.getBean(AbstractBeanFactory.java:200) ~[spring-beans-6.1.14.jar:6.1.14]
	at org.springframework.beans.factory.support.DefaultListableBeanFactory.preInstantiateSingletons(DefaultListableBeanFactory.java:975) ~[spring-beans-6.1.14.jar:6.1.14]
	at org.springframework.context.support.AbstractApplicationContext.finishBeanFactoryInitialization(AbstractApplicationContext.java:971) ~[spring-context-6.1.14.jar:6.1.14]
	at org.springframework.context.support.AbstractApplicationContext.refresh(AbstractApplicationContext.java:625) ~[spring-context-6.1.14.jar:6.1.14]
	at org.springframework.boot.SpringApplication.refresh(SpringApplication.java:754) ~[spring-boot-3.3.5.jar:3.3.5]
	at org.springframework.boot.SpringApplication.refreshContext(SpringApplication.java:456) ~[spring-boot-3.3.5.jar:3.3.5]
	at org.springframework.boot.SpringApplication.run(SpringApplication.java:335) ~[spring-boot-3.3.5.jar:3.3.5]
	at org.springframework.boot.test.context.SpringBootContextLoader.lambda$loadContext$3(SpringBootContextLoader.java:137) ~[spring-boot-test-3.3.5.jar:3.3.5]
	at org.springframework.util.function.ThrowingSupplier.get(ThrowingSupplier.java:58) ~[spring-core-6.1.14.jar:6.1.14]
	at org.springframework.util.function.ThrowingSupplier.get(ThrowingSupplier.java:46) ~[spring-core-6.1.14.jar:6.1.14]
	at org.springframework.boot.SpringApplication.withHook(SpringApplication.java:1463) ~[spring-boot-3.3.5.jar:3.3.5]
	at org.springframework.boot.test.context.SpringBootContextLoader$ContextLoaderHook.run(SpringBootContextLoader.java:553) ~[spring-boot-test-3.3.5.jar:3.3.5]
	at org.springframework.boot.test.context.SpringBootContextLoader.loadContext(SpringBootContextLoader.java:137) ~[spring-boot-test-3.3.5.jar:3.3.5]
	at org.springframework.boot.test.context.SpringBootContextLoader.loadContext(SpringBootContextLoader.java:108) ~[spring-boot-test-3.3.5.jar:3.3.5]
	at org.springframework.test.context.cache.DefaultCacheAwareContextLoaderDelegate.loadContextInternal(DefaultCacheAwareContextLoaderDelegate.java:225) ~[spring-test-6.1.14.jar:6.1.14]
	at org.springframework.test.context.cache.DefaultCacheAwareContextLoaderDelegate.loadContext(DefaultCacheAwareContextLoaderDelegate.java:152) ~[spring-test-6.1.14.jar:6.1.14]
	at org.springframework.test.context.support.DefaultTestContext.getApplicationContext(DefaultTestContext.java:130) ~[spring-test-6.1.14.jar:6.1.14]
	at org.springframework.test.context.web.ServletTestExecutionListener.setUpRequestContextIfNecessary(ServletTestExecutionListener.java:191) ~[spring-test-6.1.14.jar:6.1.14]
	at org.springframework.test.context.web.ServletTestExecutionListener.prepareTestInstance(ServletTestExecutionListener.java:130) ~[spring-test-6.1.14.jar:6.1.14]
	at org.springframework.test.context.TestContextManager.prepareTestInstance(TestContextManager.java:260) ~[spring-test-6.1.14.jar:6.1.14]
	at org.springframework.test.context.junit.jupiter.SpringExtension.postProcessTestInstance(SpringExtension.java:163) ~[spring-test-6.1.14.jar:6.1.14]
	at org.junit.jupiter.engine.descriptor.ClassBasedTestDescriptor.lambda$invokeTestInstancePostProcessors$10(ClassBasedTestDescriptor.java:378) ~[junit-jupiter-engine-5.10.5.jar:5.10.5]
	at org.junit.jupiter.engine.descriptor.ClassBasedTestDescriptor.executeAndMaskThrowable(ClassBasedTestDescriptor.java:383) ~[junit-jupiter-engine-5.10.5.jar:5.10.5]
	at org.junit.jupiter.engine.descriptor.ClassBasedTestDescriptor.lambda$invokeTestInstancePostProcessors$11(ClassBasedTestDescriptor.java:378) ~[junit-jupiter-engine-5.10.5.jar:5.10.5]
	at java.base/java.util.stream.ReferencePipeline$3$1.accept(ReferencePipeline.java:215) ~[na:na]
	at java.base/java.util.stream.ReferencePipeline$2$1.accept(ReferencePipeline.java:197) ~[na:na]
	at java.base/java.util.ArrayList$ArrayListSpliterator.forEachRemaining(ArrayList.java:1709) ~[na:na]
	at java.base/java.util.stream.AbstractPipeline.copyInto(AbstractPipeline.java:570) ~[na:na]
	at java.base/java.util.stream.AbstractPipeline.wrapAndCopyInto(AbstractPipeline.java:560) ~[na:na]
	at java.base/java.util.stream.StreamSpliterators$WrappingSpliterator.forEachRemaining(StreamSpliterators.java:315) ~[na:na]
	at java.base/java.util.stream.Streams$ConcatSpliterator.forEachRemaining(Streams.java:735) ~[na:na]
	at java.base/java.util.stream.Streams$ConcatSpliterator.forEachRemaining(Streams.java:734) ~[na:na]
	at java.base/java.util.stream.ReferencePipeline$Head.forEach(ReferencePipeline.java:807) ~[na:na]
	at org.junit.jupiter.engine.descriptor.ClassBasedTestDescriptor.invokeTestInstancePostProcessors(ClassBasedTestDescriptor.java:377) ~[junit-jupiter-engine-5.10.5.jar:5.10.5]
	at org.junit.jupiter.engine.descriptor.ClassBasedTestDescriptor.lambda$instantiateAndPostProcessTestInstance$6(ClassBasedTestDescriptor.java:290) ~[junit-jupiter-engine-5.10.5.jar:5.10.5]
	at org.junit.platform.engine.support.hierarchical.ThrowableCollector.execute(ThrowableCollector.java:73) ~[junit-platform-engine-1.10.5.jar:1.10.5]
	at org.junit.jupiter.engine.descriptor.ClassBasedTestDescriptor.instantiateAndPostProcessTestInstance(ClassBasedTestDescriptor.java:289) ~[junit-jupiter-engine-5.10.5.jar:5.10.5]
	at org.junit.jupiter.engine.descriptor.ClassBasedTestDescriptor.lambda$testInstancesProvider$4(ClassBasedTestDescriptor.java:279) ~[junit-jupiter-engine-5.10.5.jar:5.10.5]
	at java.base/java.util.Optional.orElseGet(Optional.java:364) ~[na:na]
	at org.junit.jupiter.engine.descriptor.ClassBasedTestDescriptor.lambda$testInstancesProvider$5(ClassBasedTestDescriptor.java:278) ~[junit-jupiter-engine-5.10.5.jar:5.10.5]
	at org.junit.jupiter.engine.execution.TestInstancesProvider.getTestInstances(TestInstancesProvider.java:31) ~[junit-jupiter-engine-5.10.5.jar:5.10.5]
	at org.junit.jupiter.engine.descriptor.TestMethodTestDescriptor.lambda$prepare$0(TestMethodTestDescriptor.java:106) ~[junit-jupiter-engine-5.10.5.jar:5.10.5]
	at org.junit.platform.engine.support.hierarchical.ThrowableCollector.execute(ThrowableCollector.java:73) ~[junit-platform-engine-1.10.5.jar:1.10.5]
	at org.junit.jupiter.engine.descriptor.TestMethodTestDescriptor.prepare(TestMethodTestDescriptor.java:105) ~[junit-jupiter-engine-5.10.5.jar:5.10.5]
	at org.junit.jupiter.engine.descriptor.TestMethodTestDescriptor.prepare(TestMethodTestDescriptor.java:69) ~[junit-jupiter-engine-5.10.5.jar:5.10.5]
	at org.junit.platform.engine.support.hierarchical.NodeTestTask.lambda$prepare$2(NodeTestTask.java:128) ~[junit-platform-engine-1.10.5.jar:1.10.5]
	at org.junit.platform.engine.support.hierarchical.ThrowableCollector.execute(ThrowableCollector.java:73) ~[junit-platform-engine-1.10.5.jar:1.10.5]
	at org.junit.platform.engine.support.hierarchical.NodeTestTask.prepare(NodeTestTask.java:128) ~[junit-platform-engine-1.10.5.jar:1.10.5]
	at org.junit.platform.engine.support.hierarchical.NodeTestTask.execute(NodeTestTask.java:95) ~[junit-platform-engine-1.10.5.jar:1.10.5]
	at java.base/java.util.ArrayList.forEach(ArrayList.java:1597) ~[na:na]
	at org.junit.platform.engine.support.hierarchical.SameThreadHierarchicalTestExecutorService.invokeAll(SameThreadHierarchicalTestExecutorService.java:41) ~[junit-platform-engine-1.10.5.jar:1.10.5]
	at org.junit.platform.engine.support.hierarchical.NodeTestTask.lambda$executeRecursively$6(NodeTestTask.java:160) ~[junit-platform-engine-1.10.5.jar:1.10.5]
	at org.junit.platform.engine.support.hierarchical.ThrowableCollector.execute(ThrowableCollector.java:73) ~[junit-platform-engine-1.10.5.jar:1.10.5]
	at org.junit.platform.engine.support.hierarchical.NodeTestTask.lambda$executeRecursively$8(NodeTestTask.java:146) ~[junit-platform-engine-1.10.5.jar:1.10.5]
	at org.junit.platform.engine.support.hierarchical.Node.around(Node.java:137) ~[junit-platform-engine-1.10.5.jar:1.10.5]
	at org.junit.platform.engine.support.hierarchical.NodeTestTask.lambda$executeRecursively$9(NodeTestTask.java:144) ~[junit-platform-engine-1.10.5.jar:1.10.5]
	at org.junit.platform.engine.support.hierarchical.ThrowableCollector.execute(ThrowableCollector.java:73) ~[junit-platform-engine-1.10.5.jar:1.10.5]
	at org.junit.platform.engine.support.hierarchical.NodeTestTask.executeRecursively(NodeTestTask.java:143) ~[junit-platform-engine-1.10.5.jar:1.10.5]
	at org.junit.platform.engine.support.hierarchical.NodeTestTask.execute(NodeTestTask.java:100) ~[junit-platform-engine-1.10.5.jar:1.10.5]
	at java.base/java.util.ArrayList.forEach(ArrayList.java:1597) ~[na:na]
	at org.junit.platform.engine.support.hierarchical.SameThreadHierarchicalTestExecutorService.invokeAll(SameThreadHierarchicalTestExecutorService.java:41) ~[junit-platform-engine-1.10.5.jar:1.10.5]
	at org.junit.platform.engine.support.hierarchical.NodeTestTask.lambda$executeRecursively$6(NodeTestTask.java:160) ~[junit-platform-engine-1.10.5.jar:1.10.5]
	at org.junit.platform.engine.support.hierarchical.ThrowableCollector.execute(ThrowableCollector.java:73) ~[junit-platform-engine-1.10.5.jar:1.10.5]
	at org.junit.platform.engine.support.hierarchical.NodeTestTask.lambda$executeRecursively$8(NodeTestTask.java:146) ~[junit-platform-engine-1.10.5.jar:1.10.5]
	at org.junit.platform.engine.support.hierarchical.Node.around(Node.java:137) ~[junit-platform-engine-1.10.5.jar:1.10.5]
	at org.junit.platform.engine.support.hierarchical.NodeTestTask.lambda$executeRecursively$9(NodeTestTask.java:144) ~[junit-platform-engine-1.10.5.jar:1.10.5]
	at org.junit.platform.engine.support.hierarchical.ThrowableCollector.execute(ThrowableCollector.java:73) ~[junit-platform-engine-1.10.5.jar:1.10.5]
	at org.junit.platform.engine.support.hierarchical.NodeTestTask.executeRecursively(NodeTestTask.java:143) ~[junit-platform-engine-1.10.5.jar:1.10.5]
	at org.junit.platform.engine.support.hierarchical.NodeTestTask.execute(NodeTestTask.java:100) ~[junit-platform-engine-1.10.5.jar:1.10.5]
	at org.junit.platform.engine.support.hierarchical.SameThreadHierarchicalTestExecutorService.submit(SameThreadHierarchicalTestExecutorService.java:35) ~[junit-platform-engine-1.10.5.jar:1.10.5]
	at org.junit.platform.engine.support.hierarchical.HierarchicalTestExecutor.execute(HierarchicalTestExecutor.java:57) ~[junit-platform-engine-1.10.5.jar:1.10.5]
	at org.junit.platform.engine.support.hierarchical.HierarchicalTestEngine.execute(HierarchicalTestEngine.java:54) ~[junit-platform-engine-1.10.5.jar:1.10.5]
	at org.junit.platform.launcher.core.EngineExecutionOrchestrator.execute(EngineExecutionOrchestrator.java:198) ~[junit-platform-launcher-1.10.5.jar:1.10.5]
	at org.junit.platform.launcher.core.EngineExecutionOrchestrator.execute(EngineExecutionOrchestrator.java:169) ~[junit-platform-launcher-1.10.5.jar:1.10.5]
	at org.junit.platform.launcher.core.EngineExecutionOrchestrator.execute(EngineExecutionOrchestrator.java:93) ~[junit-platform-launcher-1.10.5.jar:1.10.5]
	at org.junit.platform.launcher.core.EngineExecutionOrchestrator.lambda$execute$0(EngineExecutionOrchestrator.java:58) ~[junit-platform-launcher-1.10.5.jar:1.10.5]
	at org.junit.platform.launcher.core.EngineExecutionOrchestrator.withInterceptedStreams(EngineExecutionOrchestrator.java:141) ~[junit-platform-launcher-1.10.5.jar:1.10.5]
	at org.junit.platform.launcher.core.EngineExecutionOrchestrator.execute(EngineExecutionOrchestrator.java:57) ~[junit-platform-launcher-1.10.5.jar:1.10.5]
	at org.junit.platform.launcher.core.DefaultLauncher.execute(DefaultLauncher.java:103) ~[junit-platform-launcher-1.10.5.jar:1.10.5]
	at org.junit.platform.launcher.core.DefaultLauncher.execute(DefaultLauncher.java:85) ~[junit-platform-launcher-1.10.5.jar:1.10.5]
	at org.junit.platform.launcher.core.DelegatingLauncher.execute(DelegatingLauncher.java:47) ~[junit-platform-launcher-1.10.5.jar:1.10.5]
	at org.apache.maven.surefire.junitplatform.LazyLauncher.execute(LazyLauncher.java:56) ~[surefire-junit-platform-3.2.5.jar:3.2.5]
	at org.apache.maven.surefire.junitplatform.JUnitPlatformProvider.execute(JUnitPlatformProvider.java:184) ~[surefire-junit-platform-3.2.5.jar:3.2.5]
	at org.apache.maven.surefire.junitplatform.JUnitPlatformProvider.invokeAllTests(JUnitPlatformProvider.java:148) ~[surefire-junit-platform-3.2.5.jar:3.2.5]
	at org.apache.maven.surefire.junitplatform.JUnitPlatformProvider.invoke(JUnitPlatformProvider.java:122) ~[surefire-junit-platform-3.2.5.jar:3.2.5]
	at org.apache.maven.surefire.booter.ForkedBooter.runSuitesInProcess(ForkedBooter.java:385) ~[surefire-booter-3.2.5.jar:3.2.5]
	at org.apache.maven.surefire.booter.ForkedBooter.execute(ForkedBooter.java:162) ~[surefire-booter-3.2.5.jar:3.2.5]
	at org.apache.maven.surefire.booter.ForkedBooter.run(ForkedBooter.java:507) ~[surefire-booter-3.2.5.jar:3.2.5]
	at org.apache.maven.surefire.booter.ForkedBooter.main(ForkedBooter.java:495) ~[surefire-booter-3.2.5.jar:3.2.5]

2025-02-28T09:46:45.345-06:00  INFO 1012 --- [ConsultaDatosWebService] [           main] c.g.c.s.a.c.GcpContextAutoConfiguration  : The default project ID is null
2025-02-28T09:46:45.538-06:00  INFO 1012 --- [ConsultaDatosWebService] [           main] .ConsultaDatosWebServiceApplicationTests : Started ConsultaDatosWebServiceApplicationTests in 33.688 seconds (process running for 36.028)
]]></system-out>
    <system-err><![CDATA[WARNING: A Java agent has been loaded dynamically (/Users/Usuario/.m2/repository/net/bytebuddy/byte-buddy-agent/1.14.19/byte-buddy-agent-1.14.19.jar)
WARNING: If a serviceability tool is in use, please run with -XX:+EnableDynamicAgentLoading to hide this warning
WARNING: If a serviceability tool is not in use, please run with -Djdk.instrument.traceUsage for more information
WARNING: Dynamic loading of agents will be disallowed by default in a future release
]]></system-err>
  </testcase>
</testsuite>